# JRE version: OpenJDK Runtime Environment (8.0_112-b06) (build 1.8.0_112-release-b06)
# Java VM: OpenJDK 64-Bit Server VM (25.112-b06 mixed mode linux-amd64 compressed oops)
Heap:
 PSYoungGen      total 523776K, used 135664K [0x000000076ab00000, 0x0000000798480000, 0x00000007c0000000)
  eden space 348160K, 0% used [0x000000076ab00000,0x000000076ab00000,0x000000077ff00000)
  from space 175616K, 77% used [0x000000077ff00000,0x000000078837c390,0x000000078aa80000)
  to   space 124416K, 0% used [0x000000078aa80000,0x000000078aa80000,0x0000000792400000)
 ParOldGen       total 400384K, used 242270K [0x00000006c0000000, 0x00000006d8700000, 0x000000076ab00000)
  object space 400384K, 60% used [0x00000006c0000000,0x00000006cec97898,0x00000006d8700000)
 Metaspace       used 6400K, capacity 7152K, committed 7296K, reserved 1056768K
  class space    used 590K, capacity 616K, committed 640K, reserved 1048576K
GC Heap History (10 events):
Event: 37.860 GC heap after
Heap after GC invocations=9 (full 1):
 PSYoungGen      total 337408K, used 59893K [0x000000076ab00000, 0x000000078fb00000, 0x00000007c0000000)
  eden space 277504K, 0% used [0x000000076ab00000,0x000000076ab00000,0x000000077ba00000)
  from space 59904K, 99% used [0x0000000782480000,0x0000000785efd790,0x0000000785f00000)
  to   space 109056K, 0% used [0x000000077ba00000,0x000000077ba00000,0x0000000782480000)
 ParOldGen       total 168960K, used 168932K [0x00000006c0000000, 0x00000006ca500000, 0x000000076ab00000)
  object space 168960K, 99% used [0x00000006c0000000,0x00000006ca4f91f8,0x00000006ca500000)
 Metaspace       used 6388K, capacity 7152K, committed 7296K, reserved 1056768K
  class space    used 589K, capacity 616K, committed 640K, reserved 1048576K
}
Event: 37.860 GC heap before
{Heap before GC invocations=10 (full 2):
 PSYoungGen      total 337408K, used 59893K [0x000000076ab00000, 0x000000078fb00000, 0x00000007c0000000)
  eden space 277504K, 0% used [0x000000076ab00000,0x000000076ab00000,0x000000077ba00000)
  from space 59904K, 99% used [0x0000000782480000,0x0000000785efd790,0x0000000785f00000)
  to   space 109056K, 0% used [0x000000077ba00000,0x000000077ba00000,0x0000000782480000)
 ParOldGen       total 168960K, used 168932K [0x00000006c0000000, 0x00000006ca500000, 0x000000076ab00000)
  object space 168960K, 99% used [0x00000006c0000000,0x00000006ca4f91f8,0x00000006ca500000)
 Metaspace       used 6388K, capacity 7152K, committed 7296K, reserved 1056768K
  class space    used 589K, capacity 616K, committed 640K, reserved 1048576K
Event: 40.509 GC heap after
Heap after GC invocations=10 (full 2):
 PSYoungGen      total 337408K, used 14242K [0x000000076ab00000, 0x000000078fb00000, 0x00000007c0000000)
  eden space 277504K, 0% used [0x000000076ab00000,0x000000076ab00000,0x000000077ba00000)
  from space 59904K, 23% used [0x0000000782480000,0x0000000783268ac0,0x0000000785f00000)
  to   space 109056K, 0% used [0x000000077ba00000,0x000000077ba00000,0x0000000782480000)
 ParOldGen       total 299008K, used 168500K [0x00000006c0000000, 0x00000006d2400000, 0x000000076ab00000)
  object space 299008K, 56% used [0x00000006c0000000,0x00000006ca48d1e0,0x00000006d2400000)
 Metaspace       used 6388K, capacity 7152K, committed 7296K, reserved 1056768K
  class space    used 589K, capacity 616K, committed 640K, reserved 1048576K
}
Event: 42.219 GC heap before
{Heap before GC invocations=11 (full 2):
 PSYoungGen      total 337408K, used 291746K [0x000000076ab00000, 0x000000078fb00000, 0x00000007c0000000)
  eden space 277504K, 100% used [0x000000076ab00000,0x000000077ba00000,0x000000077ba00000)
  from space 59904K, 23% used [0x0000000782480000,0x0000000783268ac0,0x0000000785f00000)
  to   space 109056K, 0% used [0x000000077ba00000,0x000000077ba00000,0x0000000782480000)
 ParOldGen       total 299008K, used 168500K [0x00000006c0000000, 0x00000006d2400000, 0x000000076ab00000)
  object space 299008K, 56% used [0x00000006c0000000,0x00000006ca48d1e0,0x00000006d2400000)
 Metaspace       used 6388K, capacity 7152K, committed 7296K, reserved 1056768K
  class space    used 589K, capacity 616K, committed 640K, reserved 1048576K
Event: 59.893 GC heap after
Heap after GC invocations=11 (full 2):
 PSYoungGen      total 386560K, used 96260K [0x000000076ab00000, 0x0000000792400000, 0x00000007c0000000)
  eden space 277504K, 0% used [0x000000076ab00000,0x000000076ab00000,0x000000077ba00000)
  from space 109056K, 88% used [0x000000077ba00000,0x0000000781801270,0x0000000782480000)
  to   space 124416K, 0% used [0x000000078aa80000,0x000000078aa80000,0x0000000792400000)
 ParOldGen       total 299008K, used 168500K [0x00000006c0000000, 0x00000006d2400000, 0x000000076ab00000)
  object space 299008K, 56% used [0x00000006c0000000,0x00000006ca48d1e0,0x00000006d2400000)
 Metaspace       used 6388K, capacity 7152K, committed 7296K, reserved 1056768K
  class space    used 589K, capacity 616K, committed 640K, reserved 1048576K
}
Event: 69.570 GC heap before
{Heap before GC invocations=12 (full 2):
 PSYoungGen      total 386560K, used 373764K [0x000000076ab00000, 0x0000000792400000, 0x00000007c0000000)
  eden space 277504K, 100% used [0x000000076ab00000,0x000000077ba00000,0x000000077ba00000)
  from space 109056K, 88% used [0x000000077ba00000,0x0000000781801270,0x0000000782480000)
  to   space 124416K, 0% used [0x000000078aa80000,0x000000078aa80000,0x0000000792400000)
 ParOldGen       total 299008K, used 168500K [0x00000006c0000000, 0x00000006d2400000, 0x000000076ab00000)
  object space 299008K, 56% used [0x00000006c0000000,0x00000006ca48d1e0,0x00000006d2400000)
 Metaspace       used 6394K, capacity 7152K, committed 7296K, reserved 1056768K
  class space    used 590K, capacity 616K, committed 640K, reserved 1048576K
Event: 72.050 GC heap after
Heap after GC invocations=12 (full 2):
 PSYoungGen      total 472576K, used 124396K [0x000000076ab00000, 0x0000000798480000, 0x00000007c0000000)
  eden space 348160K, 0% used [0x000000076ab00000,0x000000076ab00000,0x000000077ff00000)
  from space 124416K, 99% used [0x000000078aa80000,0x00000007923fb278,0x0000000792400000)
  to   space 175616K, 0% used [0x000000077ff00000,0x000000077ff00000,0x000000078aa80000)
 ParOldGen       total 299008K, used 249463K [0x00000006c0000000, 0x00000006d2400000, 0x000000076ab00000)
  object space 299008K, 83% used [0x00000006c0000000,0x00000006cf39df20,0x00000006d2400000)
 Metaspace       used 6394K, capacity 7152K, committed 7296K, reserved 1056768K
  class space    used 590K, capacity 616K, committed 640K, reserved 1048576K
}
Event: 72.106 GC heap before
{Heap before GC invocations=13 (full 3):
 PSYoungGen      total 472576K, used 124396K [0x000000076ab00000, 0x0000000798480000, 0x00000007c0000000)
  eden space 348160K, 0% used [0x000000076ab00000,0x000000076ab00000,0x000000077ff00000)
  from space 124416K, 99% used [0x000000078aa80000,0x00000007923fb278,0x0000000792400000)
  to   space 175616K, 0% used [0x000000077ff00000,0x000000077ff00000,0x000000078aa80000)
 ParOldGen       total 299008K, used 249463K [0x00000006c0000000, 0x00000006d2400000, 0x000000076ab00000)
  object space 299008K, 83% used [0x00000006c0000000,0x00000006cf39df20,0x00000006d2400000)
 Metaspace       used 6394K, capacity 7152K, committed 7296K, reserved 1056768K
  class space    used 590K, capacity 616K, committed 640K, reserved 1048576K
Event: 73.226 GC heap after
Heap after GC invocations=13 (full 3):
 PSYoungGen      total 472576K, used 0K [0x000000076ab00000, 0x0000000798480000, 0x00000007c0000000)
  eden space 348160K, 0% used [0x000000076ab00000,0x000000076ab00000,0x000000077ff00000)
  from space 124416K, 0% used [0x000000078aa80000,0x000000078aa80000,0x0000000792400000)
  to   space 175616K, 0% used [0x000000077ff00000,0x000000077ff00000,0x000000078aa80000)
 ParOldGen       total 400384K, used 242270K [0x00000006c0000000, 0x00000006d8700000, 0x000000076ab00000)
  object space 400384K, 60% used [0x00000006c0000000,0x00000006cec97898,0x00000006d8700000)
 Metaspace       used 6394K, capacity 7152K, committed 7296K, reserved 1056768K
  class space    used 590K, capacity 616K, committed 640K, reserved 1048576K
}
Event: 74.123 GC heap before
{Heap before GC invocations=14 (full 3):
 PSYoungGen      total 472576K, used 348160K [0x000000076ab00000, 0x0000000798480000, 0x00000007c0000000)
  eden space 348160K, 100% used [0x000000076ab00000,0x000000077ff00000,0x000000077ff00000)
  from space 124416K, 0% used [0x000000078aa80000,0x000000078aa80000,0x0000000792400000)
  to   space 175616K, 0% used [0x000000077ff00000,0x000000077ff00000,0x000000078aa80000)
 ParOldGen       total 400384K, used 242270K [0x00000006c0000000, 0x00000006d8700000, 0x000000076ab00000)
  object space 400384K, 60% used [0x00000006c0000000,0x00000006cec97898,0x00000006d8700000)
 Metaspace       used 6400K, capacity 7152K, committed 7296K, reserved 1056768K
  class space    used 590K, capacity 616K, committed 640K, reserved 1048576K

